#-----------------------------------------------------------
# Vivado v2020.2 (64-bit)
# SW Build 3064766 on Wed Nov 18 09:12:45 MST 2020
# IP Build 3064653 on Wed Nov 18 14:17:31 MST 2020
# Start of session at: Tue Sep 24 15:27:27 2024
# Process ID: 11784
# Current directory: P:/ArchitectureCircuitsNumeriques/projectAdder4Bits
# Command line: vivado.exe -gui_launcher_event rodinguilauncherevent4480 P:\ArchitectureCircuitsNumeriques\projectAdder4Bits\projectAdder4Bits.xpr
# Log file: P:/ArchitectureCircuitsNumeriques/projectAdder4Bits/vivado.log
# Journal file: P:/ArchitectureCircuitsNumeriques/projectAdder4Bits\vivado.jou
#-----------------------------------------------------------
start_gui
open_project P:/ArchitectureCircuitsNumeriques/projectAdder4Bits/projectAdder4Bits.xpr
WARNING: [filemgmt 56-3] Default IP Output Path : Could not find the directory 'P:/ArchitectureCircuitsNumeriques/projectAdder4Bits/projectAdder4Bits.gen/sources_1'.
Scanning sources...
Finished scanning sources
INFO: [IP_Flow 19-234] Refreshing IP repositories
INFO: [IP_Flow 19-1704] No user IP repositories specified
INFO: [IP_Flow 19-2313] Loaded Vivado IP repository 'C:/Xilinx/Vivado/2020.2/data/ip'.
open_project: Time (s): cpu = 00:00:07 ; elapsed = 00:00:08 . Memory (MB): peak = 1015.434 ; gain = 0.000
update_compile_order -fileset sources_1
launch_simulation
Command: launch_simulation 
INFO: [Vivado 12-5682] Launching behavioral simulation in 'P:/ArchitectureCircuitsNumeriques/projectAdder4Bits/projectAdder4Bits.sim/sim_1/behav/xsim'
INFO: [SIM-utils-51] Simulation object is 'sim_1'
INFO: [SIM-utils-54] Inspecting design source files for 'adder4bits_tb' in fileset 'sim_1'...
INFO: [USF-XSim-97] Finding global include files...
INFO: [USF-XSim-98] Fetching design files from 'sim_1'...
INFO: [USF-XSim-2] XSim::Compile design
INFO: [USF-XSim-61] Executing 'COMPILE and ANALYZE' step in 'P:/ArchitectureCircuitsNumeriques/projectAdder4Bits/projectAdder4Bits.sim/sim_1/behav/xsim'
"xvhdl --incr --relax -prj adder4bits_tb_vhdl.prj"
INFO: [VRFC 10-163] Analyzing VHDL file "P:/ArchitectureCircuitsNumeriques/projectAdder4Bits/projectAdder4Bits.srcs/sim_1/new/adder4bits_tb.vhd" into library xil_defaultlib
INFO: [VRFC 10-3107] analyzing entity 'adder4bits_tb'
INFO: [USF-XSim-69] 'compile' step finished in '4' seconds
INFO: [USF-XSim-3] XSim::Elaborate design
INFO: [USF-XSim-61] Executing 'ELABORATE' step in 'P:/ArchitectureCircuitsNumeriques/projectAdder4Bits/projectAdder4Bits.sim/sim_1/behav/xsim'
"xelab -wto eb99e470f15242368a992070a205e7a0 --incr --debug typical --relax --mt 2 -L xil_defaultlib -L secureip --snapshot adder4bits_tb_behav xil_defaultlib.adder4bits_tb -log elaborate.log"
Vivado Simulator 2020.2
Copyright 1986-1999, 2001-2020 Xilinx, Inc. All Rights Reserved.
Running: C:/Xilinx/Vivado/2020.2/bin/unwrapped/win64.o/xelab.exe -wto eb99e470f15242368a992070a205e7a0 --incr --debug typical --relax --mt 2 -L xil_defaultlib -L secureip --snapshot adder4bits_tb_behav xil_defaultlib.adder4bits_tb -log elaborate.log 
Using 2 slave threads.
Starting static elaboration
Completed static elaboration
Starting simulation data flow analysis
Completed simulation data flow analysis
Time Resolution for simulation is 1ps
Compiling package std.standard
Compiling package std.textio
Compiling package ieee.std_logic_1164
Compiling package ieee.numeric_std
Compiling architecture behavioral of entity xil_defaultlib.adder4bits [adder4bits_default]
Compiling architecture behavioral of entity xil_defaultlib.adder4bits_tb
Built simulation snapshot adder4bits_tb_behav
run_program: Time (s): cpu = 00:00:00 ; elapsed = 00:00:06 . Memory (MB): peak = 1015.434 ; gain = 0.000
INFO: [USF-XSim-69] 'elaborate' step finished in '6' seconds
INFO: [USF-XSim-4] XSim::Simulate design
INFO: [USF-XSim-61] Executing 'SIMULATE' step in 'P:/ArchitectureCircuitsNumeriques/projectAdder4Bits/projectAdder4Bits.sim/sim_1/behav/xsim'
INFO: [USF-XSim-98] *** Running xsim
   with args "adder4bits_tb_behav -key {Behavioral:sim_1:Functional:adder4bits_tb} -tclbatch {adder4bits_tb.tcl} -log {simulate.log}"
INFO: [USF-XSim-8] Loading simulator feature
Vivado Simulator 2020.2
Time resolution is 1 ps
source adder4bits_tb.tcl
# set curr_wave [current_wave_config]
# if { [string length $curr_wave] == 0 } {
#   if { [llength [get_objects]] > 0} {
#     add_wave /
#     set_property needs_save false [current_wave_config]
#   } else {
#      send_msg_id Add_Wave-1 WARNING "No top level signals found. Simulator will start without a wave window. If you want to open a wave window go to 'File->New Waveform Configuration' or type 'create_wave_config' in the TCL console."
#   }
# }
# run 1000ns
INFO: [USF-XSim-96] XSim completed. Design snapshot 'adder4bits_tb_behav' loaded.
INFO: [USF-XSim-97] XSim simulation ran for 1000ns
launch_simulation: Time (s): cpu = 00:00:07 ; elapsed = 00:00:15 . Memory (MB): peak = 1015.434 ; gain = 0.000
close_sim
INFO: [Simtcl 6-16] Simulation closed
launch_simulation
Command: launch_simulation 
INFO: [Vivado 12-5682] Launching behavioral simulation in 'P:/ArchitectureCircuitsNumeriques/projectAdder4Bits/projectAdder4Bits.sim/sim_1/behav/xsim'
INFO: [SIM-utils-51] Simulation object is 'sim_1'
INFO: [SIM-utils-54] Inspecting design source files for 'adder4bits_tb' in fileset 'sim_1'...
INFO: [USF-XSim-97] Finding global include files...
INFO: [USF-XSim-98] Fetching design files from 'sim_1'...
INFO: [USF-XSim-2] XSim::Compile design
INFO: [USF-XSim-61] Executing 'COMPILE and ANALYZE' step in 'P:/ArchitectureCircuitsNumeriques/projectAdder4Bits/projectAdder4Bits.sim/sim_1/behav/xsim'
"xvhdl --incr --relax -prj adder4bits_tb_vhdl.prj"
INFO: [VRFC 10-163] Analyzing VHDL file "P:/ArchitectureCircuitsNumeriques/projectAdder4Bits/projectAdder4Bits.srcs/sim_1/new/adder4bits_tb.vhd" into library xil_defaultlib
INFO: [VRFC 10-3107] analyzing entity 'adder4bits_tb'
INFO: [USF-XSim-69] 'compile' step finished in '3' seconds
INFO: [USF-XSim-3] XSim::Elaborate design
INFO: [USF-XSim-61] Executing 'ELABORATE' step in 'P:/ArchitectureCircuitsNumeriques/projectAdder4Bits/projectAdder4Bits.sim/sim_1/behav/xsim'
"xelab -wto eb99e470f15242368a992070a205e7a0 --incr --debug typical --relax --mt 2 -L xil_defaultlib -L secureip --snapshot adder4bits_tb_behav xil_defaultlib.adder4bits_tb -log elaborate.log"
Vivado Simulator 2020.2
Copyright 1986-1999, 2001-2020 Xilinx, Inc. All Rights Reserved.
Running: C:/Xilinx/Vivado/2020.2/bin/unwrapped/win64.o/xelab.exe -wto eb99e470f15242368a992070a205e7a0 --incr --debug typical --relax --mt 2 -L xil_defaultlib -L secureip --snapshot adder4bits_tb_behav xil_defaultlib.adder4bits_tb -log elaborate.log 
Using 2 slave threads.
Starting static elaboration
Completed static elaboration
Starting simulation data flow analysis
Completed simulation data flow analysis
Time Resolution for simulation is 1ps
Compiling package std.standard
Compiling package std.textio
Compiling package ieee.std_logic_1164
Compiling package ieee.numeric_std
Compiling architecture behavioral of entity xil_defaultlib.adder4bits [adder4bits_default]
Compiling architecture behavioral of entity xil_defaultlib.adder4bits_tb
Built simulation snapshot adder4bits_tb_behav
INFO: [USF-XSim-69] 'elaborate' step finished in '5' seconds
INFO: [USF-XSim-4] XSim::Simulate design
INFO: [USF-XSim-61] Executing 'SIMULATE' step in 'P:/ArchitectureCircuitsNumeriques/projectAdder4Bits/projectAdder4Bits.sim/sim_1/behav/xsim'
INFO: [USF-XSim-98] *** Running xsim
   with args "adder4bits_tb_behav -key {Behavioral:sim_1:Functional:adder4bits_tb} -tclbatch {adder4bits_tb.tcl} -log {simulate.log}"
INFO: [USF-XSim-8] Loading simulator feature
Vivado Simulator 2020.2
Time resolution is 1 ps
source adder4bits_tb.tcl
# set curr_wave [current_wave_config]
# if { [string length $curr_wave] == 0 } {
#   if { [llength [get_objects]] > 0} {
#     add_wave /
#     set_property needs_save false [current_wave_config]
#   } else {
#      send_msg_id Add_Wave-1 WARNING "No top level signals found. Simulator will start without a wave window. If you want to open a wave window go to 'File->New Waveform Configuration' or type 'create_wave_config' in the TCL console."
#   }
# }
# run 1000ns
INFO: [USF-XSim-96] XSim completed. Design snapshot 'adder4bits_tb_behav' loaded.
INFO: [USF-XSim-97] XSim simulation ran for 1000ns
launch_simulation: Time (s): cpu = 00:00:02 ; elapsed = 00:00:12 . Memory (MB): peak = 1015.434 ; gain = 0.000
close_sim
INFO: [Simtcl 6-16] Simulation closed
launch_simulation
Command: launch_simulation 
INFO: [Vivado 12-5682] Launching behavioral simulation in 'P:/ArchitectureCircuitsNumeriques/projectAdder4Bits/projectAdder4Bits.sim/sim_1/behav/xsim'
INFO: [SIM-utils-51] Simulation object is 'sim_1'
INFO: [SIM-utils-54] Inspecting design source files for 'adder4bits_tb' in fileset 'sim_1'...
INFO: [USF-XSim-97] Finding global include files...
INFO: [USF-XSim-98] Fetching design files from 'sim_1'...
INFO: [USF-XSim-2] XSim::Compile design
INFO: [USF-XSim-61] Executing 'COMPILE and ANALYZE' step in 'P:/ArchitectureCircuitsNumeriques/projectAdder4Bits/projectAdder4Bits.sim/sim_1/behav/xsim'
"xvhdl --incr --relax -prj adder4bits_tb_vhdl.prj"
INFO: [VRFC 10-163] Analyzing VHDL file "P:/ArchitectureCircuitsNumeriques/projectAdder4Bits/projectAdder4Bits.srcs/sim_1/new/adder4bits_tb.vhd" into library xil_defaultlib
INFO: [VRFC 10-3107] analyzing entity 'adder4bits_tb'
INFO: [USF-XSim-69] 'compile' step finished in '3' seconds
INFO: [USF-XSim-3] XSim::Elaborate design
INFO: [USF-XSim-61] Executing 'ELABORATE' step in 'P:/ArchitectureCircuitsNumeriques/projectAdder4Bits/projectAdder4Bits.sim/sim_1/behav/xsim'
"xelab -wto eb99e470f15242368a992070a205e7a0 --incr --debug typical --relax --mt 2 -L xil_defaultlib -L secureip --snapshot adder4bits_tb_behav xil_defaultlib.adder4bits_tb -log elaborate.log"
Vivado Simulator 2020.2
Copyright 1986-1999, 2001-2020 Xilinx, Inc. All Rights Reserved.
Running: C:/Xilinx/Vivado/2020.2/bin/unwrapped/win64.o/xelab.exe -wto eb99e470f15242368a992070a205e7a0 --incr --debug typical --relax --mt 2 -L xil_defaultlib -L secureip --snapshot adder4bits_tb_behav xil_defaultlib.adder4bits_tb -log elaborate.log 
Using 2 slave threads.
Starting static elaboration
Completed static elaboration
Starting simulation data flow analysis
Completed simulation data flow analysis
Time Resolution for simulation is 1ps
Compiling package std.standard
Compiling package std.textio
Compiling package ieee.std_logic_1164
Compiling package ieee.numeric_std
Compiling architecture behavioral of entity xil_defaultlib.adder4bits [adder4bits_default]
Compiling architecture behavioral of entity xil_defaultlib.adder4bits_tb
Built simulation snapshot adder4bits_tb_behav
INFO: [USF-XSim-69] 'elaborate' step finished in '4' seconds
INFO: [USF-XSim-4] XSim::Simulate design
INFO: [USF-XSim-61] Executing 'SIMULATE' step in 'P:/ArchitectureCircuitsNumeriques/projectAdder4Bits/projectAdder4Bits.sim/sim_1/behav/xsim'
INFO: [USF-XSim-98] *** Running xsim
   with args "adder4bits_tb_behav -key {Behavioral:sim_1:Functional:adder4bits_tb} -tclbatch {adder4bits_tb.tcl} -log {simulate.log}"
INFO: [USF-XSim-8] Loading simulator feature
Vivado Simulator 2020.2
Time resolution is 1 ps
source adder4bits_tb.tcl
# set curr_wave [current_wave_config]
# if { [string length $curr_wave] == 0 } {
#   if { [llength [get_objects]] > 0} {
#     add_wave /
#     set_property needs_save false [current_wave_config]
#   } else {
#      send_msg_id Add_Wave-1 WARNING "No top level signals found. Simulator will start without a wave window. If you want to open a wave window go to 'File->New Waveform Configuration' or type 'create_wave_config' in the TCL console."
#   }
# }
# run 1000ns
INFO: [USF-XSim-96] XSim completed. Design snapshot 'adder4bits_tb_behav' loaded.
INFO: [USF-XSim-97] XSim simulation ran for 1000ns
launch_simulation: Time (s): cpu = 00:00:02 ; elapsed = 00:00:11 . Memory (MB): peak = 1015.434 ; gain = 0.000
close_sim
INFO: [Simtcl 6-16] Simulation closed
launch_simulation
Command: launch_simulation 
INFO: [Vivado 12-5682] Launching behavioral simulation in 'P:/ArchitectureCircuitsNumeriques/projectAdder4Bits/projectAdder4Bits.sim/sim_1/behav/xsim'
INFO: [SIM-utils-51] Simulation object is 'sim_1'
INFO: [SIM-utils-54] Inspecting design source files for 'adder4bits_tb' in fileset 'sim_1'...
INFO: [USF-XSim-97] Finding global include files...
INFO: [USF-XSim-98] Fetching design files from 'sim_1'...
INFO: [USF-XSim-2] XSim::Compile design
INFO: [USF-XSim-61] Executing 'COMPILE and ANALYZE' step in 'P:/ArchitectureCircuitsNumeriques/projectAdder4Bits/projectAdder4Bits.sim/sim_1/behav/xsim'
"xvhdl --incr --relax -prj adder4bits_tb_vhdl.prj"
INFO: [VRFC 10-163] Analyzing VHDL file "P:/ArchitectureCircuitsNumeriques/projectAdder4Bits/projectAdder4Bits.srcs/sim_1/new/adder4bits_tb.vhd" into library xil_defaultlib
INFO: [VRFC 10-3107] analyzing entity 'adder4bits_tb'
INFO: [USF-XSim-69] 'compile' step finished in '3' seconds
INFO: [USF-XSim-3] XSim::Elaborate design
INFO: [USF-XSim-61] Executing 'ELABORATE' step in 'P:/ArchitectureCircuitsNumeriques/projectAdder4Bits/projectAdder4Bits.sim/sim_1/behav/xsim'
"xelab -wto eb99e470f15242368a992070a205e7a0 --incr --debug typical --relax --mt 2 -L xil_defaultlib -L secureip --snapshot adder4bits_tb_behav xil_defaultlib.adder4bits_tb -log elaborate.log"
Vivado Simulator 2020.2
Copyright 1986-1999, 2001-2020 Xilinx, Inc. All Rights Reserved.
Running: C:/Xilinx/Vivado/2020.2/bin/unwrapped/win64.o/xelab.exe -wto eb99e470f15242368a992070a205e7a0 --incr --debug typical --relax --mt 2 -L xil_defaultlib -L secureip --snapshot adder4bits_tb_behav xil_defaultlib.adder4bits_tb -log elaborate.log 
Using 2 slave threads.
Starting static elaboration
Completed static elaboration
Starting simulation data flow analysis
Completed simulation data flow analysis
Time Resolution for simulation is 1ps
Compiling package std.standard
Compiling package std.textio
Compiling package ieee.std_logic_1164
Compiling package ieee.numeric_std
Compiling architecture behavioral of entity xil_defaultlib.adder4bits [adder4bits_default]
Compiling architecture behavioral of entity xil_defaultlib.adder4bits_tb
Built simulation snapshot adder4bits_tb_behav
INFO: [USF-XSim-69] 'elaborate' step finished in '5' seconds
INFO: [USF-XSim-4] XSim::Simulate design
INFO: [USF-XSim-61] Executing 'SIMULATE' step in 'P:/ArchitectureCircuitsNumeriques/projectAdder4Bits/projectAdder4Bits.sim/sim_1/behav/xsim'
INFO: [USF-XSim-98] *** Running xsim
   with args "adder4bits_tb_behav -key {Behavioral:sim_1:Functional:adder4bits_tb} -tclbatch {adder4bits_tb.tcl} -log {simulate.log}"
INFO: [USF-XSim-8] Loading simulator feature
Vivado Simulator 2020.2
Time resolution is 1 ps
source adder4bits_tb.tcl
# set curr_wave [current_wave_config]
# if { [string length $curr_wave] == 0 } {
#   if { [llength [get_objects]] > 0} {
#     add_wave /
#     set_property needs_save false [current_wave_config]
#   } else {
#      send_msg_id Add_Wave-1 WARNING "No top level signals found. Simulator will start without a wave window. If you want to open a wave window go to 'File->New Waveform Configuration' or type 'create_wave_config' in the TCL console."
#   }
# }
# run 1000ns
INFO: [USF-XSim-96] XSim completed. Design snapshot 'adder4bits_tb_behav' loaded.
INFO: [USF-XSim-97] XSim simulation ran for 1000ns
launch_simulation: Time (s): cpu = 00:00:02 ; elapsed = 00:00:11 . Memory (MB): peak = 1015.434 ; gain = 0.000
synth_design -rtl -rtl_skip_mlo -name rtl_1
Command: synth_design -rtl -rtl_skip_mlo -name rtl_1
Starting synth_design
Using part: xc7vx485tffg1157-1
Top: adder4bits
INFO: [Device 21-403] Loading part xc7vx485tffg1157-1
---------------------------------------------------------------------------------
Starting RTL Elaboration : Time (s): cpu = 00:00:03 ; elapsed = 00:00:04 . Memory (MB): peak = 1530.797 ; gain = 254.551
---------------------------------------------------------------------------------
INFO: [Synth 8-638] synthesizing module 'adder4bits' [P:/ArchitectureCircuitsNumeriques/projectAdder4Bits/projectAdder4Bits.srcs/sources_1/new/adder4bits.vhd:43]
INFO: [Synth 8-256] done synthesizing module 'adder4bits' (1#1) [P:/ArchitectureCircuitsNumeriques/projectAdder4Bits/projectAdder4Bits.srcs/sources_1/new/adder4bits.vhd:43]
---------------------------------------------------------------------------------
Finished RTL Elaboration : Time (s): cpu = 00:00:04 ; elapsed = 00:00:06 . Memory (MB): peak = 1609.027 ; gain = 332.781
---------------------------------------------------------------------------------
---------------------------------------------------------------------------------
Start Handling Custom Attributes
---------------------------------------------------------------------------------
---------------------------------------------------------------------------------
Finished Handling Custom Attributes : Time (s): cpu = 00:00:05 ; elapsed = 00:00:07 . Memory (MB): peak = 1621.289 ; gain = 345.043
---------------------------------------------------------------------------------
---------------------------------------------------------------------------------
Finished RTL Optimization Phase 1 : Time (s): cpu = 00:00:05 ; elapsed = 00:00:07 . Memory (MB): peak = 1621.289 ; gain = 345.043
---------------------------------------------------------------------------------
Netlist sorting complete. Time (s): cpu = 00:00:00 ; elapsed = 00:00:00.001 . Memory (MB): peak = 1621.289 ; gain = 0.000
INFO: [Project 1-570] Preparing netlist for logic optimization

Processing XDC Constraints
Initializing timing engine
Completed Processing XDC Constraints

Netlist sorting complete. Time (s): cpu = 00:00:00 ; elapsed = 00:00:00 . Memory (MB): peak = 1679.508 ; gain = 0.000
INFO: [Project 1-111] Unisim Transformation Summary:
No Unisim elements were transformed.

RTL Elaboration Complete:  : Time (s): cpu = 00:00:13 ; elapsed = 00:00:13 . Memory (MB): peak = 1828.992 ; gain = 552.746
5 Infos, 0 Warnings, 0 Critical Warnings and 0 Errors encountered.
synth_design completed successfully
synth_design: Time (s): cpu = 00:00:22 ; elapsed = 00:00:26 . Memory (MB): peak = 1828.992 ; gain = 813.559
launch_runs synth_1 -jobs 4
[Tue Sep 24 15:46:43 2024] Launched synth_1...
Run output will be captured here: P:/ArchitectureCircuitsNumeriques/projectAdder4Bits/projectAdder4Bits.runs/synth_1/runme.log
reset_run synth_1
launch_runs synth_1 -jobs 4
[Tue Sep 24 15:47:21 2024] Launched synth_1...
Run output will be captured here: P:/ArchitectureCircuitsNumeriques/projectAdder4Bits/projectAdder4Bits.runs/synth_1/runme.log
reset_run synth_1
launch_runs synth_1 -jobs 4
[Tue Sep 24 15:48:39 2024] Launched synth_1...
Run output will be captured here: P:/ArchitectureCircuitsNumeriques/projectAdder4Bits/projectAdder4Bits.runs/synth_1/runme.log
reset_run synth_1
launch_runs synth_1 -jobs 4
[Tue Sep 24 15:50:20 2024] Launched synth_1...
Run output will be captured here: P:/ArchitectureCircuitsNumeriques/projectAdder4Bits/projectAdder4Bits.runs/synth_1/runme.log
close_sim
INFO: [Simtcl 6-16] Simulation closed
exit
INFO: [Common 17-206] Exiting Vivado at Tue Sep 24 15:50:56 2024...
